<?xml version="1.0" encoding="UTF-8"?>
<testsuite xmlns:xsi="http://www.w3.org/2001/XMLSchema-instance" xsi:noNamespaceSchemaLocation="https://maven.apache.org/surefire/maven-surefire-plugin/xsd/surefire-test-report.xsd" name="com.udacity.jdnd.course1.Course1ApplicationTests" time="3.542" tests="1" errors="0" skipped="0" failures="1">
  <properties>
[...]
</properties>
  <testcase name="testFizzBuzz" classname="com.udacity.jdnd.course1.Course1ApplicationTests" time="0.438">
    <failure message="Expected java.lang.IllegalArgumentException to be thrown, but nothing was thrown." type="org.opentest4j.AssertionFailedError">org.opentest4j.AssertionFailedError: Expected java.lang.IllegalArgumentException to be thrown, but nothing was thrown.
	at com.udacity.jdnd.course1.Course1ApplicationTests.testFizzBuzz(Course1ApplicationTests.java:34)
</failure>
    <system-out><![CDATA[17:59:07.625 [main] DEBUG org.springframework.test.context.BootstrapUtils - Instantiating CacheAwareContextLoaderDelegate from class [org.springframework.test.context.cache.DefaultCacheAwareContextLoaderDelegate]
17:59:07.645 [main] DEBUG org.springframework.test.context.BootstrapUtils - Instantiating BootstrapContext using constructor [public org.springframework.test.context.support.DefaultBootstrapContext(java.lang.Class,org.springframework.test.context.CacheAwareContextLoaderDelegate)]
17:59:07.733 [main] DEBUG org.springframework.test.context.BootstrapUtils - Instantiating TestContextBootstrapper for test class [com.udacity.jdnd.course1.Course1ApplicationTests] from class [org.springframework.boot.test.context.SpringBootTestContextBootstrapper]
17:59:07.763 [main] INFO org.springframework.boot.test.context.SpringBootTestContextBootstrapper - Neither @ContextConfiguration nor @ContextHierarchy found for test class [com.udacity.jdnd.course1.Course1ApplicationTests], using SpringBootContextLoader
17:59:07.769 [main] DEBUG org.springframework.test.context.support.AbstractContextLoader - Did not detect default resource location for test class [com.udacity.jdnd.course1.Course1ApplicationTests]: class path resource [com/udacity/jdnd/course1/Course1ApplicationTests-context.xml] does not exist
17:59:07.770 [main] DEBUG org.springframework.test.context.support.AbstractContextLoader - Did not detect default resource location for test class [com.udacity.jdnd.course1.Course1ApplicationTests]: class path resource [com/udacity/jdnd/course1/Course1ApplicationTestsContext.groovy] does not exist
17:59:07.770 [main] INFO org.springframework.test.context.support.AbstractContextLoader - Could not detect default resource locations for test class [com.udacity.jdnd.course1.Course1ApplicationTests]: no resource found for suffixes {-context.xml, Context.groovy}.
17:59:07.772 [main] INFO org.springframework.test.context.support.AnnotationConfigContextLoaderUtils - Could not detect default configuration classes for test class [com.udacity.jdnd.course1.Course1ApplicationTests]: Course1ApplicationTests does not declare any static, non-private, non-final, nested classes annotated with @Configuration.
17:59:07.828 [main] DEBUG org.springframework.test.context.support.ActiveProfilesUtils - Could not find an 'annotation declaring class' for annotation type [org.springframework.test.context.ActiveProfiles] and class [com.udacity.jdnd.course1.Course1ApplicationTests]
17:59:07.981 [main] DEBUG org.springframework.context.annotation.ClassPathScanningCandidateComponentProvider - Identified candidate component class: file [/Users/alantran/Documents/Studying/Udacity/java-nano-degree/l5e1/target/classes/com/udacity/jdnd/course1/Course1Application.class]
17:59:07.984 [main] INFO org.springframework.boot.test.context.SpringBootTestContextBootstrapper - Found @SpringBootConfiguration com.udacity.jdnd.course1.Course1Application for test class com.udacity.jdnd.course1.Course1ApplicationTests
17:59:08.169 [main] DEBUG org.springframework.boot.test.context.SpringBootTestContextBootstrapper - @TestExecutionListeners is not present for class [com.udacity.jdnd.course1.Course1ApplicationTests]: using defaults.
17:59:08.171 [main] INFO org.springframework.boot.test.context.SpringBootTestContextBootstrapper - Loaded default TestExecutionListener class names from location [META-INF/spring.factories]: [org.springframework.boot.test.mock.mockito.MockitoTestExecutionListener, org.springframework.boot.test.mock.mockito.ResetMocksTestExecutionListener, org.springframework.boot.test.autoconfigure.restdocs.RestDocsTestExecutionListener, org.springframework.boot.test.autoconfigure.web.client.MockRestServiceServerResetTestExecutionListener, org.springframework.boot.test.autoconfigure.web.servlet.MockMvcPrintOnlyOnFailureTestExecutionListener, org.springframework.boot.test.autoconfigure.web.servlet.WebDriverTestExecutionListener, org.springframework.boot.test.autoconfigure.webservices.client.MockWebServiceServerTestExecutionListener, org.springframework.test.context.web.ServletTestExecutionListener, org.springframework.test.context.support.DirtiesContextBeforeModesTestExecutionListener, org.springframework.test.context.support.DependencyInjectionTestExecutionListener, org.springframework.test.context.support.DirtiesContextTestExecutionListener, org.springframework.test.context.transaction.TransactionalTestExecutionListener, org.springframework.test.context.jdbc.SqlScriptsTestExecutionListener, org.springframework.test.context.event.EventPublishingTestExecutionListener]
17:59:08.190 [main] DEBUG org.springframework.boot.test.context.SpringBootTestContextBootstrapper - Skipping candidate TestExecutionListener [org.springframework.test.context.transaction.TransactionalTestExecutionListener] due to a missing dependency. Specify custom listener classes or make the default listener classes and their required dependencies available. Offending class: [org/springframework/transaction/interceptor/TransactionAttributeSource]
17:59:08.191 [main] DEBUG org.springframework.boot.test.context.SpringBootTestContextBootstrapper - Skipping candidate TestExecutionListener [org.springframework.test.context.jdbc.SqlScriptsTestExecutionListener] due to a missing dependency. Specify custom listener classes or make the default listener classes and their required dependencies available. Offending class: [org/springframework/transaction/interceptor/TransactionAttribute]
17:59:08.197 [main] INFO org.springframework.boot.test.context.SpringBootTestContextBootstrapper - Using TestExecutionListeners: [org.springframework.test.context.web.ServletTestExecutionListener@2205a05d, org.springframework.test.context.support.DirtiesContextBeforeModesTestExecutionListener@72ef8d15, org.springframework.boot.test.mock.mockito.MockitoTestExecutionListener@6aa8e115, org.springframework.boot.test.autoconfigure.SpringBootDependencyInjectionTestExecutionListener@5e21e98f, org.springframework.test.context.support.DirtiesContextTestExecutionListener@51a9ad5e, org.springframework.test.context.event.EventPublishingTestExecutionListener@5f20155b, org.springframework.boot.test.mock.mockito.ResetMocksTestExecutionListener@72ade7e3, org.springframework.boot.test.autoconfigure.restdocs.RestDocsTestExecutionListener@239105a8, org.springframework.boot.test.autoconfigure.web.client.MockRestServiceServerResetTestExecutionListener@3fce8fd9, org.springframework.boot.test.autoconfigure.web.servlet.MockMvcPrintOnlyOnFailureTestExecutionListener@609bcfb6, org.springframework.boot.test.autoconfigure.web.servlet.WebDriverTestExecutionListener@7d94beb9, org.springframework.boot.test.autoconfigure.webservices.client.MockWebServiceServerTestExecutionListener@560348e6]
17:59:08.214 [main] DEBUG org.springframework.test.context.support.AbstractDirtiesContextTestExecutionListener - Before test class: context [DefaultTestContext@2e32ccc5 testClass = Course1ApplicationTests, testInstance = [null], testMethod = [null], testException = [null], mergedContextConfiguration = [WebMergedContextConfiguration@748741cb testClass = Course1ApplicationTests, locations = '{}', classes = '{class com.udacity.jdnd.course1.Course1Application}', contextInitializerClasses = '[]', activeProfiles = '{}', propertySourceLocations = '{}', propertySourceProperties = '{org.springframework.boot.test.context.SpringBootTestContextBootstrapper=true}', contextCustomizers = set[org.springframework.boot.test.context.filter.ExcludeFilterContextCustomizer@63475ace, org.springframework.boot.test.json.DuplicateJsonObjectContextCustomizerFactory$DuplicateJsonObjectContextCustomizer@305b7c14, org.springframework.boot.test.mock.mockito.MockitoContextCustomizer@0, org.springframework.boot.test.web.client.TestRestTemplateContextCustomizer@385e9564, org.springframework.boot.test.autoconfigure.properties.PropertyMappingContextCustomizer@0, org.springframework.boot.test.autoconfigure.web.servlet.WebDriverContextCustomizerFactory$Customizer@6db9f5a4, org.springframework.boot.test.context.SpringBootTestArgs@1], resourceBasePath = 'src/main/webapp', contextLoader = 'org.springframework.boot.test.context.SpringBootContextLoader', parent = [null]], attributes = map['org.springframework.test.context.web.ServletTestExecutionListener.activateListener' -> true]], class annotated with @DirtiesContext [false] with mode [null].
17:59:08.311 [main] DEBUG org.springframework.test.context.support.TestPropertySourceUtils - Adding inlined properties to environment: {spring.jmx.enabled=false, org.springframework.boot.test.context.SpringBootTestContextBootstrapper=true}

  .   ____          _            __ _ _
 /\\ / ___'_ __ _ _(_)_ __  __ _ \ \ \ \
( ( )\___ | '_ | '_| | '_ \/ _` | \ \ \ \
 \\/  ___)| |_)| | | | | || (_| |  ) ) ) )
  '  |____| .__|_| |_|_| |_\__, | / / / /
 =========|_|==============|___/=/_/_/_/
 :: Spring Boot ::        (v2.3.0.RELEASE)

2021-03-25 17:59:08.739  INFO 39243 --- [           main] c.u.j.course1.Course1ApplicationTests    : Starting Course1ApplicationTests on Alans-MacBook-Pro.local with PID 39243 (started by alantran in /Users/alantran/Documents/Studying/Udacity/java-nano-degree/l5e1)
2021-03-25 17:59:08.741  INFO 39243 --- [           main] c.u.j.course1.Course1ApplicationTests    : No active profile set, falling back to default profiles: default
2021-03-25 17:59:10.211  INFO 39243 --- [           main] o.s.s.concurrent.ThreadPoolTaskExecutor  : Initializing ExecutorService 'applicationTaskExecutor'
2021-03-25 17:59:10.526  INFO 39243 --- [           main] c.u.j.course1.Course1ApplicationTests    : Started Course1ApplicationTests in 2.201 seconds (JVM running for 4.057)
]]></system-out>
  </testcase>
</testsuite>